mode: set
github.com/lmousom/tscid/tscid.go:72.28,76.2 3 1
github.com/lmousom/tscid/tscid.go:79.26,81.51 2 1
github.com/lmousom/tscid/tscid.go:81.51,88.3 5 0
github.com/lmousom/tscid/tscid.go:91.2,97.25 5 1
github.com/lmousom/tscid/tscid.go:97.25,99.3 1 1
github.com/lmousom/tscid/tscid.go:102.2,107.12 5 1
github.com/lmousom/tscid/tscid.go:111.39,124.2 12 1
github.com/lmousom/tscid/tscid.go:127.35,132.25 2 1
github.com/lmousom/tscid/tscid.go:132.25,144.3 8 1
github.com/lmousom/tscid/tscid.go:147.2,147.26 1 1
github.com/lmousom/tscid/tscid.go:147.26,149.3 1 1
github.com/lmousom/tscid/tscid.go:152.2,153.22 2 1
github.com/lmousom/tscid/tscid.go:153.22,155.3 1 0
github.com/lmousom/tscid/tscid.go:157.2,157.11 1 1
github.com/lmousom/tscid/tscid.go:161.53,163.30 2 1
github.com/lmousom/tscid/tscid.go:163.30,164.18 1 1
github.com/lmousom/tscid/tscid.go:164.18,166.4 1 1
github.com/lmousom/tscid/tscid.go:167.3,168.10 2 1
github.com/lmousom/tscid/tscid.go:170.2,170.15 1 1
github.com/lmousom/tscid/tscid.go:179.27,181.4 1 0
github.com/lmousom/tscid/tscid.go:185.27,187.4 1 1
github.com/lmousom/tscid/tscid.go:191.27,193.4 1 1
github.com/lmousom/tscid/tscid.go:211.13,213.33 1 1
github.com/lmousom/tscid/tscid.go:213.33,215.3 1 1
github.com/lmousom/tscid/tscid.go:216.2,216.35 1 1
github.com/lmousom/tscid/tscid.go:216.35,219.3 2 1
github.com/lmousom/tscid/tscid.go:221.2,226.45 6 1
github.com/lmousom/tscid/tscid.go:238.91,239.30 1 1
github.com/lmousom/tscid/tscid.go:239.30,241.3 1 1
github.com/lmousom/tscid/tscid.go:242.2,242.24 1 1
github.com/lmousom/tscid/tscid.go:242.24,244.3 1 1
github.com/lmousom/tscid/tscid.go:246.2,251.8 1 1
github.com/lmousom/tscid/tscid.go:255.35,257.2 1 1
github.com/lmousom/tscid/tscid.go:260.34,262.2 1 1
github.com/lmousom/tscid/tscid.go:265.33,267.2 1 1
github.com/lmousom/tscid/tscid.go:270.32,272.2 1 1
github.com/lmousom/tscid/tscid.go:275.33,279.2 3 1
github.com/lmousom/tscid/tscid.go:282.41,291.2 4 1
github.com/lmousom/tscid/tscid.go:294.45,305.2 3 1
github.com/lmousom/tscid/tscid.go:308.32,310.2 1 1
github.com/lmousom/tscid/tscid.go:313.45,316.16 2 1
github.com/lmousom/tscid/tscid.go:317.23,318.28 1 1
github.com/lmousom/tscid/tscid.go:319.21,320.17 1 1
github.com/lmousom/tscid/tscid.go:321.24,337.16 13 1
github.com/lmousom/tscid/tscid.go:338.10,339.28 1 0
github.com/lmousom/tscid/tscid.go:344.37,347.9 2 1
github.com/lmousom/tscid/tscid.go:348.38,349.18 1 1
github.com/lmousom/tscid/tscid.go:350.38,351.47 1 1
github.com/lmousom/tscid/tscid.go:352.28,353.14 1 1
github.com/lmousom/tscid/tscid.go:354.10,355.35 1 1
github.com/lmousom/tscid/tscid.go:358.2,358.30 1 1
github.com/lmousom/tscid/tscid.go:362.32,364.16 2 1
github.com/lmousom/tscid/tscid.go:364.16,365.13 1 1
github.com/lmousom/tscid/tscid.go:367.2,367.10 1 1
github.com/lmousom/tscid/tscid.go:375.41,377.35 1 1
github.com/lmousom/tscid/tscid.go:377.35,379.3 1 1
github.com/lmousom/tscid/tscid.go:380.2,380.35 1 1
github.com/lmousom/tscid/tscid.go:380.35,382.3 1 1
github.com/lmousom/tscid/tscid.go:385.2,385.33 1 1
github.com/lmousom/tscid/tscid.go:385.33,387.3 1 1
github.com/lmousom/tscid/tscid.go:388.2,388.33 1 1
github.com/lmousom/tscid/tscid.go:388.33,390.3 1 1
github.com/lmousom/tscid/tscid.go:393.2,393.31 1 1
github.com/lmousom/tscid/tscid.go:393.31,395.3 1 0
github.com/lmousom/tscid/tscid.go:396.2,396.31 1 1
github.com/lmousom/tscid/tscid.go:396.31,398.3 1 0
github.com/lmousom/tscid/tscid.go:401.2,401.29 1 1
github.com/lmousom/tscid/tscid.go:401.29,403.3 1 0
github.com/lmousom/tscid/tscid.go:404.2,404.29 1 1
github.com/lmousom/tscid/tscid.go:404.29,406.3 1 0
github.com/lmousom/tscid/tscid.go:408.2,408.10 1 1
github.com/lmousom/tscid/tscid.go:412.40,414.2 1 1
github.com/lmousom/tscid/tscid.go:417.39,419.2 1 1
github.com/lmousom/tscid/tscid.go:431.38,440.39 4 1
github.com/lmousom/tscid/tscid.go:440.39,442.35 2 1
github.com/lmousom/tscid/tscid.go:442.35,446.4 3 1
github.com/lmousom/tscid/tscid.go:447.3,447.40 1 1
github.com/lmousom/tscid/tscid.go:450.2,450.26 1 1
github.com/lmousom/tscid/tscid.go:454.50,455.32 1 1
github.com/lmousom/tscid/tscid.go:455.32,457.3 1 1
github.com/lmousom/tscid/tscid.go:460.2,462.28 2 1
github.com/lmousom/tscid/tscid.go:462.28,464.20 2 1
github.com/lmousom/tscid/tscid.go:464.20,466.4 1 1
github.com/lmousom/tscid/tscid.go:469.3,470.40 2 1
github.com/lmousom/tscid/tscid.go:470.40,474.4 3 1
github.com/lmousom/tscid/tscid.go:477.2,477.30 1 1
github.com/lmousom/tscid/tscid.go:502.32,504.2 1 1
github.com/lmousom/tscid/tscid.go:507.37,511.2 3 1
github.com/lmousom/tscid/tscid.go:514.54,523.2 3 1
github.com/lmousom/tscid/tscid.go:526.36,532.2 4 1
github.com/lmousom/tscid/tscid.go:535.47,536.16 1 1
github.com/lmousom/tscid/tscid.go:536.16,538.3 1 1
github.com/lmousom/tscid/tscid.go:539.2,539.16 1 1
github.com/lmousom/tscid/tscid.go:539.16,541.3 1 1
github.com/lmousom/tscid/tscid.go:542.2,542.25 1 1
github.com/lmousom/tscid/tscid.go:546.42,548.16 2 1
github.com/lmousom/tscid/tscid.go:548.16,549.13 1 0
github.com/lmousom/tscid/tscid.go:551.2,551.10 1 1
github.com/lmousom/tscid/tscid.go:555.51,560.2 3 1
github.com/lmousom/tscid/tscid.go:563.51,569.20 3 1
github.com/lmousom/tscid/tscid.go:569.20,571.3 1 1
github.com/lmousom/tscid/tscid.go:574.2,574.25 1 1
github.com/lmousom/tscid/tscid.go:578.51,582.40 2 1
github.com/lmousom/tscid/tscid.go:582.40,584.3 1 0
github.com/lmousom/tscid/tscid.go:587.2,587.41 1 1
github.com/lmousom/tscid/tscid.go:587.41,588.32 1 1
github.com/lmousom/tscid/tscid.go:588.32,590.54 1 0
github.com/lmousom/tscid/tscid.go:590.54,592.5 1 0
github.com/lmousom/tscid/tscid.go:593.4,594.18 2 0
github.com/lmousom/tscid/tscid.go:595.9,597.4 1 1
github.com/lmousom/tscid/tscid.go:598.8,600.3 1 1
github.com/lmousom/tscid/tscid.go:602.2,622.8 7 1
github.com/lmousom/tscid/tscid.go:626.55,630.40 2 1
github.com/lmousom/tscid/tscid.go:630.40,632.3 1 0
github.com/lmousom/tscid/tscid.go:635.2,635.41 1 1
github.com/lmousom/tscid/tscid.go:635.41,636.32 1 1
github.com/lmousom/tscid/tscid.go:636.32,638.54 1 0
github.com/lmousom/tscid/tscid.go:638.54,640.5 1 0
github.com/lmousom/tscid/tscid.go:641.4,642.18 2 0
github.com/lmousom/tscid/tscid.go:643.9,645.4 1 1
github.com/lmousom/tscid/tscid.go:646.8,648.3 1 1
github.com/lmousom/tscid/tscid.go:650.2,671.8 7 1
github.com/lmousom/tscid/tscid.go:675.63,676.16 1 1
github.com/lmousom/tscid/tscid.go:676.16,678.3 1 1
github.com/lmousom/tscid/tscid.go:680.2,680.16 1 1
github.com/lmousom/tscid/tscid.go:680.16,682.3 1 1
github.com/lmousom/tscid/tscid.go:683.2,683.35 1 1
github.com/lmousom/tscid/tscid.go:687.67,698.53 7 1
github.com/lmousom/tscid/tscid.go:698.53,701.3 2 0
github.com/lmousom/tscid/tscid.go:702.2,704.29 2 1
github.com/lmousom/tscid/tscid.go:704.29,708.41 2 1
github.com/lmousom/tscid/tscid.go:708.41,710.4 1 0
github.com/lmousom/tscid/tscid.go:713.3,713.42 1 1
github.com/lmousom/tscid/tscid.go:713.42,714.33 1 1
github.com/lmousom/tscid/tscid.go:714.33,716.55 1 0
github.com/lmousom/tscid/tscid.go:716.55,718.6 1 0
github.com/lmousom/tscid/tscid.go:719.5,720.19 2 0
github.com/lmousom/tscid/tscid.go:721.10,723.5 1 1
github.com/lmousom/tscid/tscid.go:724.9,726.4 1 1
github.com/lmousom/tscid/tscid.go:728.3,744.5 4 1
github.com/lmousom/tscid/tscid.go:747.2,747.20 1 1
github.com/lmousom/tscid/tscid.go:751.67,759.53 5 1
github.com/lmousom/tscid/tscid.go:759.53,762.3 2 0
github.com/lmousom/tscid/tscid.go:763.2,765.29 2 1
github.com/lmousom/tscid/tscid.go:765.29,768.7 2 1
github.com/lmousom/tscid/tscid.go:768.7,773.40 4 1
github.com/lmousom/tscid/tscid.go:773.40,775.5 1 0
github.com/lmousom/tscid/tscid.go:777.4,778.41 2 1
github.com/lmousom/tscid/tscid.go:778.41,779.32 1 1
github.com/lmousom/tscid/tscid.go:779.32,781.56 1 0
github.com/lmousom/tscid/tscid.go:781.56,783.7 1 0
github.com/lmousom/tscid/tscid.go:784.6,785.21 2 0
github.com/lmousom/tscid/tscid.go:786.11,788.6 1 1
github.com/lmousom/tscid/tscid.go:789.10,791.5 1 1
github.com/lmousom/tscid/tscid.go:793.4,794.73 2 1
github.com/lmousom/tscid/tscid.go:794.73,810.10 4 1
github.com/lmousom/tscid/tscid.go:815.2,815.20 1 1
github.com/lmousom/tscid/tscid.go:819.36,821.2 1 1
github.com/lmousom/tscid/tscid.go:824.39,826.2 1 1
github.com/lmousom/tscid/tscid.go:829.38,831.2 1 1
github.com/lmousom/tscid/tscid.go:837.39,846.62 6 1
github.com/lmousom/tscid/tscid.go:846.62,849.3 1 1
github.com/lmousom/tscid/tscid.go:852.2,853.17 2 1
github.com/lmousom/tscid/tscid.go:853.17,855.3 1 0
github.com/lmousom/tscid/tscid.go:856.2,864.21 6 1
github.com/lmousom/tscid/tscid.go:868.27,878.2 6 1
github.com/lmousom/tscid/tscid.go:881.30,884.2 2 1
github.com/lmousom/tscid/tscid.go:889.32,891.2 1 1
github.com/lmousom/tscid/tscid.go:894.27,896.2 1 1
github.com/lmousom/tscid/tscid.go:899.20,901.2 1 1
github.com/lmousom/tscid/tscid.go:904.48,906.2 1 1
github.com/lmousom/tscid/tscid.go:909.43,911.16 2 1
github.com/lmousom/tscid/tscid.go:911.16,912.13 1 0
github.com/lmousom/tscid/tscid.go:914.2,914.12 1 1
github.com/lmousom/tscid/tscid.go:918.34,920.2 1 1
github.com/lmousom/tscid/tscid.go:929.30,931.2 1 1
github.com/lmousom/tscid/tscid.go:934.36,936.2 1 1
github.com/lmousom/tscid/tscid.go:939.50,941.2 1 1
github.com/lmousom/tscid/tscid.go:944.50,946.2 1 1
github.com/lmousom/tscid/tscid.go:949.33,952.2 2 1
github.com/lmousom/tscid/tscid.go:955.33,957.2 1 1
github.com/lmousom/tscid/tscid.go:960.35,962.2 1 1
github.com/lmousom/tscid/tscid.go:965.36,967.2 1 1
github.com/lmousom/tscid/tscid.go:970.46,972.2 1 1
github.com/lmousom/tscid/tscid.go:974.50,976.49 2 1
github.com/lmousom/tscid/tscid.go:976.49,978.3 1 0
github.com/lmousom/tscid/tscid.go:979.2,980.16 2 1
github.com/lmousom/tscid/tscid.go:980.16,982.3 1 0
github.com/lmousom/tscid/tscid.go:983.2,984.12 2 1
github.com/lmousom/tscid/tscid.go:988.46,990.2 1 1
github.com/lmousom/tscid/tscid.go:992.47,993.18 1 1
github.com/lmousom/tscid/tscid.go:993.18,996.3 2 1
github.com/lmousom/tscid/tscid.go:998.2,999.27 2 1
github.com/lmousom/tscid/tscid.go:1000.14,1001.8 1 1
github.com/lmousom/tscid/tscid.go:1002.14,1003.16 1 1
github.com/lmousom/tscid/tscid.go:1004.10,1005.56 1 1
github.com/lmousom/tscid/tscid.go:1008.2,1009.16 2 1
github.com/lmousom/tscid/tscid.go:1009.16,1011.3 1 0
github.com/lmousom/tscid/tscid.go:1012.2,1013.12 2 1
github.com/lmousom/tscid/tscid.go:1017.60,1021.29 3 0
github.com/lmousom/tscid/tscid.go:1021.29,1023.17 2 0
github.com/lmousom/tscid/tscid.go:1023.17,1025.4 1 0
github.com/lmousom/tscid/tscid.go:1027.2,1027.31 1 0
